2024-02-02 22:28:01.317 [info] Log level: Info
2024-02-02 22:28:01.317 [info] Validating found git in: "git"
2024-02-02 22:28:01.317 [info] Using git "2.43.0" from "git"
2024-02-02 22:28:01.317 [info] > git rev-parse --show-toplevel [1ms]
2024-02-02 22:28:01.317 [info] fatal: not a git repository (or any parent up to mount point /)
Stopping at filesystem boundary (GIT_DISCOVERY_ACROSS_FILESYSTEM not set).
2024-02-02 22:28:01.317 [info] > git rev-parse --show-toplevel [1ms]
2024-02-02 22:28:01.317 [info] fatal: not a git repository (or any parent up to mount point /)
Stopping at filesystem boundary (GIT_DISCOVERY_ACROSS_FILESYSTEM not set).
2024-02-02 22:28:01.317 [info] > git rev-parse --show-toplevel [0ms]
2024-02-02 22:28:01.317 [info] fatal: not a git repository (or any parent up to mount point /)
Stopping at filesystem boundary (GIT_DISCOVERY_ACROSS_FILESYSTEM not set).
2024-02-02 22:28:01.322 [info] > git rev-parse --show-toplevel [3ms]
2024-02-02 22:28:01.322 [info] fatal: not a git repository (or any parent up to mount point /)
Stopping at filesystem boundary (GIT_DISCOVERY_ACROSS_FILESYSTEM not set).
2024-02-02 22:28:01.323 [info] > git rev-parse --show-toplevel [0ms]
2024-02-02 22:28:01.323 [info] fatal: not a git repository (or any parent up to mount point /)
Stopping at filesystem boundary (GIT_DISCOVERY_ACROSS_FILESYSTEM not set).
2024-02-02 22:28:01.324 [info] > git rev-parse --show-toplevel [0ms]
2024-02-02 22:28:01.324 [info] fatal: not a git repository (or any parent up to mount point /)
Stopping at filesystem boundary (GIT_DISCOVERY_ACROSS_FILESYSTEM not set).
2024-02-02 22:28:01.326 [info] > git rev-parse --show-toplevel [1ms]
2024-02-02 22:28:01.326 [info] fatal: not a git repository (or any parent up to mount point /)
Stopping at filesystem boundary (GIT_DISCOVERY_ACROSS_FILESYSTEM not set).
2024-02-02 22:28:01.327 [info] > git rev-parse --show-toplevel [0ms]
2024-02-02 22:28:01.327 [info] fatal: not a git repository (or any parent up to mount point /)
Stopping at filesystem boundary (GIT_DISCOVERY_ACROSS_FILESYSTEM not set).
2024-02-02 22:28:01.330 [info] > git rev-parse --show-toplevel [1ms]
2024-02-02 22:28:01.330 [info] fatal: not a git repository (or any parent up to mount point /)
Stopping at filesystem boundary (GIT_DISCOVERY_ACROSS_FILESYSTEM not set).
