2024-02-06 11:42:31.991 [info] Log level: Info
2024-02-06 11:42:31.991 [info] Validating found git in: "git"
2024-02-06 11:42:31.991 [info] Using git "2.43.0" from "git"
2024-02-06 11:42:31.991 [info] > git rev-parse --show-toplevel [1ms]
2024-02-06 11:42:31.991 [info] fatal: not a git repository (or any parent up to mount point /)
Stopping at filesystem boundary (GIT_DISCOVERY_ACROSS_FILESYSTEM not set).
2024-02-06 11:42:31.991 [info] > git rev-parse --show-toplevel [45ms]
2024-02-06 11:42:31.991 [info] fatal: not a git repository (or any parent up to mount point /)
Stopping at filesystem boundary (GIT_DISCOVERY_ACROSS_FILESYSTEM not set).
2024-02-06 11:42:31.995 [info] > git rev-parse --show-toplevel [1ms]
2024-02-06 11:42:31.995 [info] fatal: not a git repository (or any parent up to mount point /)
Stopping at filesystem boundary (GIT_DISCOVERY_ACROSS_FILESYSTEM not set).
2024-02-06 11:42:31.999 [info] > git rev-parse --show-toplevel [2ms]
2024-02-06 11:42:31.999 [info] fatal: not a git repository (or any parent up to mount point /)
Stopping at filesystem boundary (GIT_DISCOVERY_ACROSS_FILESYSTEM not set).
2024-02-06 11:42:32.003 [info] > git rev-parse --show-toplevel [1ms]
2024-02-06 11:42:32.003 [info] fatal: not a git repository (or any parent up to mount point /)
Stopping at filesystem boundary (GIT_DISCOVERY_ACROSS_FILESYSTEM not set).
2024-02-06 11:42:32.006 [info] > git rev-parse --show-toplevel [0ms]
2024-02-06 11:42:32.006 [info] fatal: not a git repository (or any parent up to mount point /)
Stopping at filesystem boundary (GIT_DISCOVERY_ACROSS_FILESYSTEM not set).
2024-02-06 11:42:32.010 [info] > git rev-parse --show-toplevel [1ms]
2024-02-06 11:42:32.010 [info] fatal: not a git repository (or any parent up to mount point /)
Stopping at filesystem boundary (GIT_DISCOVERY_ACROSS_FILESYSTEM not set).
2024-02-06 11:42:32.040 [info] > git rev-parse --show-toplevel [28ms]
2024-02-06 11:42:32.040 [info] fatal: not a git repository (or any parent up to mount point /)
Stopping at filesystem boundary (GIT_DISCOVERY_ACROSS_FILESYSTEM not set).
2024-02-06 11:42:32.058 [info] > git rev-parse --show-toplevel [3ms]
2024-02-06 11:42:32.058 [info] fatal: not a git repository (or any parent up to mount point /)
Stopping at filesystem boundary (GIT_DISCOVERY_ACROSS_FILESYSTEM not set).
2024-02-06 11:42:32.069 [info] > git rev-parse --show-toplevel [9ms]
2024-02-06 11:42:32.069 [info] fatal: not a git repository (or any parent up to mount point /)
Stopping at filesystem boundary (GIT_DISCOVERY_ACROSS_FILESYSTEM not set).
2024-02-06 11:42:32.074 [info] > git rev-parse --show-toplevel [0ms]
2024-02-06 11:42:32.074 [info] fatal: not a git repository (or any parent up to mount point /)
Stopping at filesystem boundary (GIT_DISCOVERY_ACROSS_FILESYSTEM not set).
